ADAU145X Assembler, Analog Devices Inc.
Version: 2.2.0,0  (built 03/12/2024)

##### Compile Started: Saturday, 19 October 2024 19:57:07 #####
ADAU145X Assembler, Analog Devices Inc.
Version: 2.2.0,0  (built 03/12/2024)

##### Compile Started: Saturday, 19 October 2024 19:57:07 #####
##### Compile succeeded:  0 errors, 0 warnings #####

##### Summary #####
DM0 RAM used:       00064    (of 40960)
DM1 RAM used:       00066    (of 40960)
PM  RAM used(Data): 00000    (of 24576)
PM  RAM used(Inst): 00244    (of 24576) 169 instructions (32bit: 94  64bit: 75)
Total PM used:      00244    (of 24576)

--------------------------------------------------------------------------------------
STREAM                        Inst      Inst      DM0     DM1     PM
Instance                      (cycles)  (size)    
--------------------------------------------------------------------------------------
STACK                          -         -        16      0       0       
FRAMEWORK                     60        42        4       8       0
GenSecondOrder_0              11        19        5       12      0
GenSecondOrder_3              11        19        5       6       0
GenSecondOrder_4              11        19        5       6       0
GenSecondOrder_5              11        19        5       6       0
GenSecondOrder_6              11        19        5       6       0
GenSecondOrder_7              11        19        5       6       0
GenSecondOrder_8              11        19        5       6       0
GenSecondOrder_9              11        19        5       6       0
Input0to15_0                  4         4         0       0       0
Output_0                      2         2         0       0       0
Output_1                      2         2         0       0       0
--------------------------------------------------------------------------------------
Total                         156       202       60      62      0
--------------------------------------------------------------------------------------
(% Fs=48.0kHz)                3%        1%        1%      1%      0%


======================================================================================
                                    Total Percentage 
======================================================================================
FRAMEWORK                   Inst(%)   Inst(%)    DM0(%)  DM1(%)  PM(%)
Instance                   (cycles)   (size)  
======================================================================================
STREAM                        3         1         1       1       0
======================================================================================
Total %                       3         1         1       1       0
======================================================================================

